{"C:\\Users\\ITConectas Jonathan\\Desktop\\Shonny\\Proyectos\\Programacion\\NodeJS\\Shopitfy-API\\app.js": {"path":"C:\\Users\\ITConectas Jonathan\\Desktop\\Shonny\\Proyectos\\Programacion\\NodeJS\\Shopitfy-API\\app.js","statementMap":{"0":{"start":{"line":1,"column":0},"end":{"line":1,"column":27}},"1":{"start":{"line":2,"column":16},"end":{"line":2,"column":34}},"2":{"start":{"line":3,"column":13},"end":{"line":3,"column":28}},"3":{"start":{"line":4,"column":18},"end":{"line":4,"column":47}},"4":{"start":{"line":5,"column":29},"end":{"line":5,"column":54}},"5":{"start":{"line":8,"column":23},"end":{"line":8,"column":48}},"6":{"start":{"line":9,"column":27},"end":{"line":9,"column":52}},"7":{"start":{"line":10,"column":12},"end":{"line":10,"column":21}},"8":{"start":{"line":12,"column":18},"end":{"line":12,"column":39}},"9":{"start":{"line":13,"column":17},"end":{"line":13,"column":54}},"10":{"start":{"line":15,"column":0},"end":{"line":15,"column":16}},"11":{"start":{"line":16,"column":0},"end":{"line":16,"column":24}},"12":{"start":{"line":17,"column":0},"end":{"line":17,"column":35}},"13":{"start":{"line":39,"column":13},"end":{"line":39,"column":37}},"14":{"start":{"line":45,"column":0},"end":{"line":45,"column":82}},"15":{"start":{"line":48,"column":0},"end":{"line":52,"column":1}},"16":{"start":{"line":49,"column":4},"end":{"line":51,"column":7}},"17":{"start":{"line":50,"column":8},"end":{"line":50,"column":80}},"18":{"start":{"line":58,"column":0},"end":{"line":58,"column":37}},"19":{"start":{"line":60,"column":0},"end":{"line":60,"column":23}},"20":{"start":{"line":62,"column":0},"end":{"line":62,"column":62}},"21":{"start":{"line":64,"column":0},"end":{"line":64,"column":21}}},"fnMap":{"0":{"name":"(anonymous_0)","decl":{"start":{"line":49,"column":21},"end":{"line":49,"column":22}},"loc":{"start":{"line":49,"column":27},"end":{"line":51,"column":5}},"line":49}},"branchMap":{"0":{"loc":{"start":{"line":13,"column":17},"end":{"line":13,"column":54}},"type":"binary-expr","locations":[{"start":{"line":13,"column":17},"end":{"line":13,"column":37}},{"start":{"line":13,"column":41},"end":{"line":13,"column":54}}],"line":13},"1":{"loc":{"start":{"line":39,"column":13},"end":{"line":39,"column":37}},"type":"binary-expr","locations":[{"start":{"line":39,"column":13},"end":{"line":39,"column":29}},{"start":{"line":39,"column":33},"end":{"line":39,"column":37}}],"line":39},"2":{"loc":{"start":{"line":48,"column":0},"end":{"line":52,"column":1}},"type":"if","locations":[{"start":{"line":48,"column":0},"end":{"line":52,"column":1}},{"start":{},"end":{}}],"line":48},"3":{"loc":{"start":{"line":62,"column":0},"end":{"line":62,"column":61}},"type":"cond-expr","locations":[{"start":{"line":62,"column":26},"end":{"line":62,"column":42}},{"start":{"line":62,"column":45},"end":{"line":62,"column":61}}],"line":62}},"s":{"0":2,"1":2,"2":2,"3":2,"4":2,"5":2,"6":2,"7":2,"8":2,"9":2,"10":2,"11":2,"12":2,"13":2,"14":2,"15":2,"16":0,"17":0,"18":2,"19":2,"20":2,"21":2},"f":{"0":0},"b":{"0":[2,0],"1":[2,0],"2":[0,2],"3":[2,0]},"_coverageSchema":"1a1c01bbd47fc00a2c39e90264f33305004495a9","hash":"edf8817fb34f0a8b55e5be269282f32364b4e81c"}
,"C:\\Users\\ITConectas Jonathan\\Desktop\\Shonny\\Proyectos\\Programacion\\NodeJS\\Shopitfy-API\\config\\mongo.js": {"path":"C:\\Users\\ITConectas Jonathan\\Desktop\\Shonny\\Proyectos\\Programacion\\NodeJS\\Shopitfy-API\\config\\mongo.js","statementMap":{"0":{"start":{"line":1,"column":17},"end":{"line":1,"column":36}},"1":{"start":{"line":3,"column":17},"end":{"line":3,"column":37}},"2":{"start":{"line":5,"column":18},"end":{"line":17,"column":1}},"3":{"start":{"line":6,"column":20},"end":{"line":6,"column":90}},"4":{"start":{"line":7,"column":4},"end":{"line":16,"column":6}},"5":{"start":{"line":11,"column":8},"end":{"line":15,"column":9}},"6":{"start":{"line":12,"column":12},"end":{"line":12,"column":55}},"7":{"start":{"line":14,"column":12},"end":{"line":14,"column":55}},"8":{"start":{"line":19,"column":0},"end":{"line":19,"column":27}}},"fnMap":{"0":{"name":"(anonymous_0)","decl":{"start":{"line":5,"column":18},"end":{"line":5,"column":19}},"loc":{"start":{"line":5,"column":24},"end":{"line":17,"column":1}},"line":5},"1":{"name":"(anonymous_1)","decl":{"start":{"line":10,"column":7},"end":{"line":10,"column":8}},"loc":{"start":{"line":10,"column":21},"end":{"line":16,"column":5}},"line":10}},"branchMap":{"0":{"loc":{"start":{"line":6,"column":20},"end":{"line":6,"column":90}},"type":"cond-expr","locations":[{"start":{"line":6,"column":44},"end":{"line":6,"column":68}},{"start":{"line":6,"column":71},"end":{"line":6,"column":90}}],"line":6},"1":{"loc":{"start":{"line":11,"column":8},"end":{"line":15,"column":9}},"type":"if","locations":[{"start":{"line":11,"column":8},"end":{"line":15,"column":9}},{"start":{"line":13,"column":15},"end":{"line":15,"column":9}}],"line":11}},"s":{"0":2,"1":2,"2":2,"3":2,"4":2,"5":1,"6":1,"7":0,"8":2},"f":{"0":2,"1":1},"b":{"0":[2,0],"1":[1,0]},"_coverageSchema":"1a1c01bbd47fc00a2c39e90264f33305004495a9","hash":"6b9a6224a8238c2a9f818364700b6fd8c66f94be"}
,"C:\\Users\\ITConectas Jonathan\\Desktop\\Shonny\\Proyectos\\Programacion\\NodeJS\\Shopitfy-API\\config\\mysql.js": {"path":"C:\\Users\\ITConectas Jonathan\\Desktop\\Shonny\\Proyectos\\Programacion\\NodeJS\\Shopitfy-API\\config\\mysql.js","statementMap":{"0":{"start":{"line":1,"column":22},"end":{"line":1,"column":42}},"1":{"start":{"line":3,"column":17},"end":{"line":3,"column":37}},"2":{"start":{"line":4,"column":17},"end":{"line":4,"column":101}},"3":{"start":{"line":5,"column":17},"end":{"line":5,"column":39}},"4":{"start":{"line":6,"column":17},"end":{"line":6,"column":39}},"5":{"start":{"line":7,"column":13},"end":{"line":7,"column":35}},"6":{"start":{"line":9,"column":18},"end":{"line":17,"column":1}},"7":{"start":{"line":19,"column":23},"end":{"line":26,"column":1}},"8":{"start":{"line":20,"column":4},"end":{"line":25,"column":5}},"9":{"start":{"line":21,"column":8},"end":{"line":21,"column":39}},"10":{"start":{"line":22,"column":8},"end":{"line":22,"column":47}},"11":{"start":{"line":24,"column":8},"end":{"line":24,"column":49}},"12":{"start":{"line":28,"column":0},"end":{"line":28,"column":47}}},"fnMap":{"0":{"name":"(anonymous_0)","decl":{"start":{"line":19,"column":23},"end":{"line":19,"column":24}},"loc":{"start":{"line":19,"column":35},"end":{"line":26,"column":1}},"line":19}},"branchMap":{"0":{"loc":{"start":{"line":4,"column":17},"end":{"line":4,"column":101}},"type":"cond-expr","locations":[{"start":{"line":4,"column":41},"end":{"line":4,"column":72}},{"start":{"line":4,"column":75},"end":{"line":4,"column":101}}],"line":4}},"s":{"0":2,"1":2,"2":2,"3":2,"4":2,"5":2,"6":2,"7":2,"8":0,"9":0,"10":0,"11":0,"12":2},"f":{"0":0},"b":{"0":[2,0]},"_coverageSchema":"1a1c01bbd47fc00a2c39e90264f33305004495a9","hash":"75483f1cacc26c0eeeccf9ad5f7ab63ecc222f62"}
,"C:\\Users\\ITConectas Jonathan\\Desktop\\Shonny\\Proyectos\\Programacion\\NodeJS\\Shopitfy-API\\controllers\\auth.js": {"path":"C:\\Users\\ITConectas Jonathan\\Desktop\\Shonny\\Proyectos\\Programacion\\NodeJS\\Shopitfy-API\\controllers\\auth.js","statementMap":{"0":{"start":{"line":1,"column":24},"end":{"line":1,"column":52}},"1":{"start":{"line":2,"column":22},"end":{"line":2,"column":51}},"2":{"start":{"line":3,"column":29},"end":{"line":3,"column":63}},"3":{"start":{"line":4,"column":28},"end":{"line":4,"column":59}},"4":{"start":{"line":5,"column":23},"end":{"line":5,"column":43}},"5":{"start":{"line":12,"column":21},"end":{"line":30,"column":1}},"6":{"start":{"line":13,"column":4},"end":{"line":29,"column":5}},"7":{"start":{"line":14,"column":8},"end":{"line":14,"column":31}},"8":{"start":{"line":15,"column":25},"end":{"line":15,"column":52}},"9":{"start":{"line":16,"column":21},"end":{"line":16,"column":41}},"10":{"start":{"line":17,"column":25},"end":{"line":17,"column":54}},"11":{"start":{"line":18,"column":8},"end":{"line":18,"column":63}},"12":{"start":{"line":20,"column":21},"end":{"line":23,"column":9}},"13":{"start":{"line":25,"column":8},"end":{"line":25,"column":24}},"14":{"start":{"line":26,"column":8},"end":{"line":26,"column":27}},"15":{"start":{"line":28,"column":8},"end":{"line":28,"column":52}},"16":{"start":{"line":37,"column":18},"end":{"line":64,"column":1}},"17":{"start":{"line":38,"column":4},"end":{"line":63,"column":5}},"18":{"start":{"line":39,"column":8},"end":{"line":39,"column":31}},"19":{"start":{"line":40,"column":21},"end":{"line":40,"column":102}},"20":{"start":{"line":41,"column":8},"end":{"line":44,"column":9}},"21":{"start":{"line":42,"column":12},"end":{"line":42,"column":63}},"22":{"start":{"line":43,"column":12},"end":{"line":43,"column":19}},"23":{"start":{"line":46,"column":29},"end":{"line":46,"column":49}},"24":{"start":{"line":47,"column":22},"end":{"line":47,"column":63}},"25":{"start":{"line":48,"column":8},"end":{"line":51,"column":9}},"26":{"start":{"line":49,"column":12},"end":{"line":49,"column":58}},"27":{"start":{"line":50,"column":12},"end":{"line":50,"column":19}},"28":{"start":{"line":53,"column":8},"end":{"line":53,"column":59}},"29":{"start":{"line":54,"column":21},"end":{"line":57,"column":9}},"30":{"start":{"line":59,"column":8},"end":{"line":59,"column":27}},"31":{"start":{"line":62,"column":8},"end":{"line":62,"column":49}},"32":{"start":{"line":66,"column":0},"end":{"line":66,"column":45}}},"fnMap":{"0":{"name":"(anonymous_0)","decl":{"start":{"line":12,"column":21},"end":{"line":12,"column":22}},"loc":{"start":{"line":12,"column":41},"end":{"line":30,"column":1}},"line":12},"1":{"name":"(anonymous_1)","decl":{"start":{"line":37,"column":18},"end":{"line":37,"column":19}},"loc":{"start":{"line":37,"column":38},"end":{"line":64,"column":1}},"line":37}},"branchMap":{"0":{"loc":{"start":{"line":41,"column":8},"end":{"line":44,"column":9}},"type":"if","locations":[{"start":{"line":41,"column":8},"end":{"line":44,"column":9}},{"start":{},"end":{}}],"line":41},"1":{"loc":{"start":{"line":48,"column":8},"end":{"line":51,"column":9}},"type":"if","locations":[{"start":{"line":48,"column":8},"end":{"line":51,"column":9}},{"start":{},"end":{}}],"line":48}},"s":{"0":2,"1":2,"2":2,"3":2,"4":2,"5":2,"6":0,"7":0,"8":0,"9":0,"10":0,"11":0,"12":0,"13":0,"14":0,"15":0,"16":2,"17":0,"18":0,"19":0,"20":0,"21":0,"22":0,"23":0,"24":0,"25":0,"26":0,"27":0,"28":0,"29":0,"30":0,"31":0,"32":2},"f":{"0":0,"1":0},"b":{"0":[0,0],"1":[0,0]},"_coverageSchema":"1a1c01bbd47fc00a2c39e90264f33305004495a9","hash":"ff68b0c936a88f7c9ed37b6502f7b6873735ecd6"}
,"C:\\Users\\ITConectas Jonathan\\Desktop\\Shonny\\Proyectos\\Programacion\\NodeJS\\Shopitfy-API\\controllers\\storage.js": {"path":"C:\\Users\\ITConectas Jonathan\\Desktop\\Shonny\\Proyectos\\Programacion\\NodeJS\\Shopitfy-API\\controllers\\storage.js","statementMap":{"0":{"start":{"line":1,"column":11},"end":{"line":1,"column":24}},"1":{"start":{"line":2,"column":25},"end":{"line":2,"column":45}},"2":{"start":{"line":3,"column":28},"end":{"line":3,"column":59}},"3":{"start":{"line":4,"column":24},"end":{"line":4,"column":52}},"4":{"start":{"line":5,"column":19},"end":{"line":5,"column":41}},"5":{"start":{"line":6,"column":19},"end":{"line":6,"column":44}},"6":{"start":{"line":13,"column":17},"end":{"line":20,"column":1}},"7":{"start":{"line":14,"column":4},"end":{"line":19,"column":5}},"8":{"start":{"line":15,"column":21},"end":{"line":15,"column":48}},"9":{"start":{"line":16,"column":8},"end":{"line":16,"column":27}},"10":{"start":{"line":18,"column":8},"end":{"line":18,"column":55}},"11":{"start":{"line":27,"column":16},"end":{"line":36,"column":1}},"12":{"start":{"line":29,"column":4},"end":{"line":35,"column":5}},"13":{"start":{"line":30,"column":23},"end":{"line":30,"column":39}},"14":{"start":{"line":31,"column":21},"end":{"line":31,"column":52}},"15":{"start":{"line":32,"column":8},"end":{"line":32,"column":27}},"16":{"start":{"line":34,"column":8},"end":{"line":34,"column":50}},"17":{"start":{"line":43,"column":19},"end":{"line":55,"column":1}},"18":{"start":{"line":44,"column":4},"end":{"line":54,"column":5}},"19":{"start":{"line":45,"column":25},"end":{"line":45,"column":28}},"20":{"start":{"line":46,"column":25},"end":{"line":49,"column":9}},"21":{"start":{"line":50,"column":21},"end":{"line":50,"column":56}},"22":{"start":{"line":51,"column":8},"end":{"line":51,"column":27}},"23":{"start":{"line":53,"column":8},"end":{"line":53,"column":54}},"24":{"start":{"line":62,"column":19},"end":{"line":72,"column":1}},"25":{"start":{"line":64,"column":4},"end":{"line":71,"column":5}},"26":{"start":{"line":65,"column":8},"end":{"line":65,"column":31}},"27":{"start":{"line":66,"column":32},"end":{"line":66,"column":35}},"28":{"start":{"line":67,"column":21},"end":{"line":67,"column":66}},"29":{"start":{"line":68,"column":8},"end":{"line":68,"column":27}},"30":{"start":{"line":70,"column":8},"end":{"line":70,"column":50}},"31":{"start":{"line":79,"column":19},"end":{"line":93,"column":1}},"32":{"start":{"line":80,"column":4},"end":{"line":92,"column":5}},"33":{"start":{"line":81,"column":23},"end":{"line":81,"column":39}},"34":{"start":{"line":82,"column":25},"end":{"line":82,"column":56}},"35":{"start":{"line":83,"column":31},"end":{"line":83,"column":69}},"36":{"start":{"line":84,"column":29},"end":{"line":84,"column":37}},"37":{"start":{"line":85,"column":8},"end":{"line":85,"column":30}},"38":{"start":{"line":86,"column":25},"end":{"line":86,"column":52}},"39":{"start":{"line":88,"column":21},"end":{"line":88,"column":45}},"40":{"start":{"line":89,"column":8},"end":{"line":89,"column":43}},"41":{"start":{"line":91,"column":8},"end":{"line":91,"column":50}},"42":{"start":{"line":95,"column":0},"end":{"line":95,"column":75}}},"fnMap":{"0":{"name":"(anonymous_0)","decl":{"start":{"line":13,"column":17},"end":{"line":13,"column":18}},"loc":{"start":{"line":13,"column":37},"end":{"line":20,"column":1}},"line":13},"1":{"name":"(anonymous_1)","decl":{"start":{"line":27,"column":16},"end":{"line":27,"column":17}},"loc":{"start":{"line":27,"column":36},"end":{"line":36,"column":1}},"line":27},"2":{"name":"(anonymous_2)","decl":{"start":{"line":43,"column":19},"end":{"line":43,"column":20}},"loc":{"start":{"line":43,"column":39},"end":{"line":55,"column":1}},"line":43},"3":{"name":"(anonymous_3)","decl":{"start":{"line":62,"column":19},"end":{"line":62,"column":20}},"loc":{"start":{"line":62,"column":39},"end":{"line":72,"column":1}},"line":62},"4":{"name":"(anonymous_4)","decl":{"start":{"line":79,"column":19},"end":{"line":79,"column":20}},"loc":{"start":{"line":79,"column":39},"end":{"line":93,"column":1}},"line":79}},"branchMap":{},"s":{"0":2,"1":2,"2":2,"3":2,"4":2,"5":2,"6":2,"7":0,"8":0,"9":0,"10":0,"11":2,"12":0,"13":0,"14":0,"15":0,"16":0,"17":2,"18":0,"19":0,"20":0,"21":0,"22":0,"23":0,"24":2,"25":0,"26":0,"27":0,"28":0,"29":0,"30":0,"31":2,"32":0,"33":0,"34":0,"35":0,"36":0,"37":0,"38":0,"39":0,"40":0,"41":0,"42":2},"f":{"0":0,"1":0,"2":0,"3":0,"4":0},"b":{},"_coverageSchema":"1a1c01bbd47fc00a2c39e90264f33305004495a9","hash":"1a3fb66ac8501c9623c58ef4bb4730c5a168437a"}
,"C:\\Users\\ITConectas Jonathan\\Desktop\\Shonny\\Proyectos\\Programacion\\NodeJS\\Shopitfy-API\\controllers\\tracks.js": {"path":"C:\\Users\\ITConectas Jonathan\\Desktop\\Shonny\\Proyectos\\Programacion\\NodeJS\\Shopitfy-API\\controllers\\tracks.js","statementMap":{"0":{"start":{"line":1,"column":24},"end":{"line":1,"column":44}},"1":{"start":{"line":2,"column":28},"end":{"line":2,"column":59}},"2":{"start":{"line":3,"column":24},"end":{"line":3,"column":52}},"3":{"start":{"line":10,"column":17},"end":{"line":21,"column":1}},"4":{"start":{"line":12,"column":4},"end":{"line":18,"column":5}},"5":{"start":{"line":13,"column":21},"end":{"line":13,"column":29}},"6":{"start":{"line":14,"column":21},"end":{"line":14,"column":54}},"7":{"start":{"line":15,"column":8},"end":{"line":15,"column":33}},"8":{"start":{"line":17,"column":8},"end":{"line":17,"column":48}},"9":{"start":{"line":28,"column":16},"end":{"line":38,"column":1}},"10":{"start":{"line":30,"column":4},"end":{"line":37,"column":5}},"11":{"start":{"line":31,"column":23},"end":{"line":31,"column":39}},"12":{"start":{"line":32,"column":21},"end":{"line":32,"column":29}},"13":{"start":{"line":33,"column":21},"end":{"line":33,"column":54}},"14":{"start":{"line":34,"column":8},"end":{"line":34,"column":33}},"15":{"start":{"line":36,"column":8},"end":{"line":36,"column":47}},"16":{"start":{"line":45,"column":19},"end":{"line":55,"column":1}},"17":{"start":{"line":47,"column":4},"end":{"line":54,"column":5}},"18":{"start":{"line":48,"column":21},"end":{"line":48,"column":29}},"19":{"start":{"line":49,"column":21},"end":{"line":49,"column":37}},"20":{"start":{"line":50,"column":21},"end":{"line":50,"column":51}},"21":{"start":{"line":51,"column":8},"end":{"line":51,"column":33}},"22":{"start":{"line":53,"column":8},"end":{"line":53,"column":51}},"23":{"start":{"line":62,"column":19},"end":{"line":70,"column":1}},"24":{"start":{"line":63,"column":4},"end":{"line":69,"column":5}},"25":{"start":{"line":64,"column":32},"end":{"line":64,"column":48}},"26":{"start":{"line":65,"column":21},"end":{"line":65,"column":65}},"27":{"start":{"line":66,"column":8},"end":{"line":66,"column":27}},"28":{"start":{"line":68,"column":8},"end":{"line":68,"column":50}},"29":{"start":{"line":77,"column":19},"end":{"line":85,"column":1}},"30":{"start":{"line":78,"column":4},"end":{"line":84,"column":5}},"31":{"start":{"line":79,"column":23},"end":{"line":79,"column":39}},"32":{"start":{"line":80,"column":21},"end":{"line":80,"column":58}},"33":{"start":{"line":81,"column":8},"end":{"line":81,"column":27}},"34":{"start":{"line":83,"column":8},"end":{"line":83,"column":50}},"35":{"start":{"line":87,"column":0},"end":{"line":87,"column":75}}},"fnMap":{"0":{"name":"(anonymous_0)","decl":{"start":{"line":10,"column":17},"end":{"line":10,"column":18}},"loc":{"start":{"line":10,"column":37},"end":{"line":21,"column":1}},"line":10},"1":{"name":"(anonymous_1)","decl":{"start":{"line":28,"column":16},"end":{"line":28,"column":17}},"loc":{"start":{"line":28,"column":36},"end":{"line":38,"column":1}},"line":28},"2":{"name":"(anonymous_2)","decl":{"start":{"line":45,"column":19},"end":{"line":45,"column":20}},"loc":{"start":{"line":45,"column":45},"end":{"line":55,"column":1}},"line":45},"3":{"name":"(anonymous_3)","decl":{"start":{"line":62,"column":19},"end":{"line":62,"column":20}},"loc":{"start":{"line":62,"column":39},"end":{"line":70,"column":1}},"line":62},"4":{"name":"(anonymous_4)","decl":{"start":{"line":77,"column":19},"end":{"line":77,"column":20}},"loc":{"start":{"line":77,"column":39},"end":{"line":85,"column":1}},"line":77}},"branchMap":{},"s":{"0":2,"1":2,"2":2,"3":2,"4":0,"5":0,"6":0,"7":0,"8":0,"9":2,"10":0,"11":0,"12":0,"13":0,"14":0,"15":0,"16":2,"17":0,"18":0,"19":0,"20":0,"21":0,"22":0,"23":2,"24":0,"25":0,"26":0,"27":0,"28":0,"29":2,"30":0,"31":0,"32":0,"33":0,"34":0,"35":2},"f":{"0":0,"1":0,"2":0,"3":0,"4":0},"b":{},"_coverageSchema":"1a1c01bbd47fc00a2c39e90264f33305004495a9","hash":"71276da0386a53de269fd7601b7d021f549c9109"}
,"C:\\Users\\ITConectas Jonathan\\Desktop\\Shonny\\Proyectos\\Programacion\\NodeJS\\Shopitfy-API\\docs\\swagger.js": {"path":"C:\\Users\\ITConectas Jonathan\\Desktop\\Shonny\\Proyectos\\Programacion\\NodeJS\\Shopitfy-API\\docs\\swagger.js","statementMap":{"0":{"start":{"line":1,"column":21},"end":{"line":1,"column":45}},"1":{"start":{"line":6,"column":26},"end":{"line":111,"column":1}},"2":{"start":{"line":116,"column":16},"end":{"line":121,"column":1}},"3":{"start":{"line":123,"column":29},"end":{"line":123,"column":50}},"4":{"start":{"line":125,"column":0},"end":{"line":125,"column":38}}},"fnMap":{},"branchMap":{},"s":{"0":2,"1":2,"2":2,"3":2,"4":2},"f":{},"b":{},"_coverageSchema":"1a1c01bbd47fc00a2c39e90264f33305004495a9","hash":"b9fa48f6b6d24f95bf1ab89781b8c297f73a75b7"}
,"C:\\Users\\ITConectas Jonathan\\Desktop\\Shonny\\Proyectos\\Programacion\\NodeJS\\Shopitfy-API\\middleware\\customHeader.js": {"path":"C:\\Users\\ITConectas Jonathan\\Desktop\\Shonny\\Proyectos\\Programacion\\NodeJS\\Shopitfy-API\\middleware\\customHeader.js","statementMap":{"0":{"start":{"line":1,"column":21},"end":{"line":18,"column":1}},"1":{"start":{"line":2,"column":4},"end":{"line":17,"column":5}},"2":{"start":{"line":3,"column":24},"end":{"line":3,"column":43}},"3":{"start":{"line":4,"column":8},"end":{"line":11,"column":9}},"4":{"start":{"line":5,"column":12},"end":{"line":5,"column":19}},"5":{"start":{"line":7,"column":12},"end":{"line":7,"column":28}},"6":{"start":{"line":8,"column":12},"end":{"line":10,"column":15}},"7":{"start":{"line":13,"column":8},"end":{"line":13,"column":24}},"8":{"start":{"line":14,"column":8},"end":{"line":16,"column":11}},"9":{"start":{"line":20,"column":0},"end":{"line":20,"column":30}}},"fnMap":{"0":{"name":"(anonymous_0)","decl":{"start":{"line":1,"column":21},"end":{"line":1,"column":22}},"loc":{"start":{"line":1,"column":41},"end":{"line":18,"column":1}},"line":1}},"branchMap":{"0":{"loc":{"start":{"line":4,"column":8},"end":{"line":11,"column":9}},"type":"if","locations":[{"start":{"line":4,"column":8},"end":{"line":11,"column":9}},{"start":{"line":6,"column":15},"end":{"line":11,"column":9}}],"line":4}},"s":{"0":2,"1":1,"2":1,"3":1,"4":0,"5":1,"6":1,"7":0,"8":0,"9":2},"f":{"0":1},"b":{"0":[0,1]},"_coverageSchema":"1a1c01bbd47fc00a2c39e90264f33305004495a9","hash":"a3554f22f92843edf32c656062015fae2e43823e"}
,"C:\\Users\\ITConectas Jonathan\\Desktop\\Shonny\\Proyectos\\Programacion\\NodeJS\\Shopitfy-API\\middleware\\rol.js": {"path":"C:\\Users\\ITConectas Jonathan\\Desktop\\Shonny\\Proyectos\\Programacion\\NodeJS\\Shopitfy-API\\middleware\\rol.js","statementMap":{"0":{"start":{"line":1,"column":28},"end":{"line":1,"column":59}},"1":{"start":{"line":8,"column":17},"end":{"line":25,"column":1}},"2":{"start":{"line":8,"column":28},"end":{"line":25,"column":1}},"3":{"start":{"line":9,"column":4},"end":{"line":23,"column":5}},"4":{"start":{"line":10,"column":25},"end":{"line":10,"column":28}},"5":{"start":{"line":11,"column":8},"end":{"line":11,"column":26}},"6":{"start":{"line":12,"column":28},"end":{"line":12,"column":37}},"7":{"start":{"line":13,"column":30},"end":{"line":13,"column":88}},"8":{"start":{"line":13,"column":56},"end":{"line":13,"column":87}},"9":{"start":{"line":15,"column":8},"end":{"line":18,"column":9}},"10":{"start":{"line":16,"column":12},"end":{"line":16,"column":62}},"11":{"start":{"line":17,"column":12},"end":{"line":17,"column":19}},"12":{"start":{"line":20,"column":8},"end":{"line":20,"column":15}},"13":{"start":{"line":22,"column":8},"end":{"line":22,"column":55}},"14":{"start":{"line":27,"column":0},"end":{"line":27,"column":30}}},"fnMap":{"0":{"name":"(anonymous_0)","decl":{"start":{"line":8,"column":17},"end":{"line":8,"column":18}},"loc":{"start":{"line":8,"column":28},"end":{"line":25,"column":1}},"line":8},"1":{"name":"(anonymous_1)","decl":{"start":{"line":8,"column":28},"end":{"line":8,"column":29}},"loc":{"start":{"line":8,"column":48},"end":{"line":25,"column":1}},"line":8},"2":{"name":"(anonymous_2)","decl":{"start":{"line":13,"column":41},"end":{"line":13,"column":42}},"loc":{"start":{"line":13,"column":56},"end":{"line":13,"column":87}},"line":13}},"branchMap":{"0":{"loc":{"start":{"line":15,"column":8},"end":{"line":18,"column":9}},"type":"if","locations":[{"start":{"line":15,"column":8},"end":{"line":18,"column":9}},{"start":{},"end":{}}],"line":15}},"s":{"0":2,"1":2,"2":4,"3":0,"4":0,"5":0,"6":0,"7":0,"8":0,"9":0,"10":0,"11":0,"12":0,"13":0,"14":2},"f":{"0":4,"1":0,"2":0},"b":{"0":[0,0]},"_coverageSchema":"1a1c01bbd47fc00a2c39e90264f33305004495a9","hash":"7f58e644ff724e1cf6afcb9d888d4b4716d1d378"}
,"C:\\Users\\ITConectas Jonathan\\Desktop\\Shonny\\Proyectos\\Programacion\\NodeJS\\Shopitfy-API\\middleware\\session.js": {"path":"C:\\Users\\ITConectas Jonathan\\Desktop\\Shonny\\Proyectos\\Programacion\\NodeJS\\Shopitfy-API\\middleware\\session.js","statementMap":{"0":{"start":{"line":1,"column":28},"end":{"line":1,"column":59}},"1":{"start":{"line":2,"column":24},"end":{"line":2,"column":53}},"2":{"start":{"line":3,"column":23},"end":{"line":3,"column":49}},"3":{"start":{"line":4,"column":22},"end":{"line":4,"column":66}},"4":{"start":{"line":6,"column":23},"end":{"line":40,"column":1}},"5":{"start":{"line":7,"column":4},"end":{"line":39,"column":5}},"6":{"start":{"line":8,"column":8},"end":{"line":11,"column":9}},"7":{"start":{"line":9,"column":12},"end":{"line":9,"column":52}},"8":{"start":{"line":10,"column":12},"end":{"line":10,"column":19}},"9":{"start":{"line":13,"column":22},"end":{"line":13,"column":64}},"10":{"start":{"line":14,"column":26},"end":{"line":14,"column":50}},"11":{"start":{"line":16,"column":8},"end":{"line":19,"column":9}},"12":{"start":{"line":17,"column":12},"end":{"line":17,"column":57}},"13":{"start":{"line":18,"column":12},"end":{"line":18,"column":19}},"14":{"start":{"line":21,"column":8},"end":{"line":24,"column":9}},"15":{"start":{"line":22,"column":12},"end":{"line":22,"column":56}},"16":{"start":{"line":23,"column":12},"end":{"line":23,"column":19}},"17":{"start":{"line":26,"column":22},"end":{"line":28,"column":9}},"18":{"start":{"line":32,"column":21},"end":{"line":32,"column":52}},"19":{"start":{"line":33,"column":8},"end":{"line":33,"column":24}},"20":{"start":{"line":35,"column":8},"end":{"line":35,"column":15}},"21":{"start":{"line":38,"column":8},"end":{"line":38,"column":49}},"22":{"start":{"line":42,"column":0},"end":{"line":42,"column":32}}},"fnMap":{"0":{"name":"(anonymous_0)","decl":{"start":{"line":6,"column":23},"end":{"line":6,"column":24}},"loc":{"start":{"line":6,"column":49},"end":{"line":40,"column":1}},"line":6}},"branchMap":{"0":{"loc":{"start":{"line":8,"column":8},"end":{"line":11,"column":9}},"type":"if","locations":[{"start":{"line":8,"column":8},"end":{"line":11,"column":9}},{"start":{},"end":{}}],"line":8},"1":{"loc":{"start":{"line":16,"column":8},"end":{"line":19,"column":9}},"type":"if","locations":[{"start":{"line":16,"column":8},"end":{"line":19,"column":9}},{"start":{},"end":{}}],"line":16},"2":{"loc":{"start":{"line":21,"column":8},"end":{"line":24,"column":9}},"type":"if","locations":[{"start":{"line":21,"column":8},"end":{"line":24,"column":9}},{"start":{},"end":{}}],"line":21}},"s":{"0":2,"1":2,"2":2,"3":2,"4":2,"5":0,"6":0,"7":0,"8":0,"9":0,"10":0,"11":0,"12":0,"13":0,"14":0,"15":0,"16":0,"17":0,"18":0,"19":0,"20":0,"21":0,"22":2},"f":{"0":0},"b":{"0":[0,0],"1":[0,0],"2":[0,0]},"_coverageSchema":"1a1c01bbd47fc00a2c39e90264f33305004495a9","hash":"1908bf0eea22e773cf117274fb574068234292f8"}
,"C:\\Users\\ITConectas Jonathan\\Desktop\\Shonny\\Proyectos\\Programacion\\NodeJS\\Shopitfy-API\\models\\index.js": {"path":"C:\\Users\\ITConectas Jonathan\\Desktop\\Shonny\\Proyectos\\Programacion\\NodeJS\\Shopitfy-API\\models\\index.js","statementMap":{"0":{"start":{"line":1,"column":18},"end":{"line":1,"column":39}},"1":{"start":{"line":3,"column":19},"end":{"line":3,"column":65}},"2":{"start":{"line":5,"column":15},"end":{"line":9,"column":1}},"3":{"start":{"line":11,"column":0},"end":{"line":11,"column":24}}},"fnMap":{},"branchMap":{"0":{"loc":{"start":{"line":3,"column":19},"end":{"line":3,"column":65}},"type":"cond-expr","locations":[{"start":{"line":3,"column":44},"end":{"line":3,"column":53}},{"start":{"line":3,"column":56},"end":{"line":3,"column":65}}],"line":3}},"s":{"0":2,"1":2,"2":2,"3":2},"f":{},"b":{"0":[2,0]},"_coverageSchema":"1a1c01bbd47fc00a2c39e90264f33305004495a9","hash":"dc70b7ef88fb4b9dcaa6b1890a4f48bdce7da118"}
,"C:\\Users\\ITConectas Jonathan\\Desktop\\Shonny\\Proyectos\\Programacion\\NodeJS\\Shopitfy-API\\models\\nosql\\storage.js": {"path":"C:\\Users\\ITConectas Jonathan\\Desktop\\Shonny\\Proyectos\\Programacion\\NodeJS\\Shopitfy-API\\models\\nosql\\storage.js","statementMap":{"0":{"start":{"line":1,"column":17},"end":{"line":1,"column":36}},"1":{"start":{"line":2,"column":21},"end":{"line":2,"column":47}},"2":{"start":{"line":3,"column":22},"end":{"line":16,"column":1}},"3":{"start":{"line":17,"column":0},"end":{"line":17,"column":63}},"4":{"start":{"line":19,"column":0},"end":{"line":19,"column":58}}},"fnMap":{},"branchMap":{},"s":{"0":2,"1":2,"2":2,"3":2,"4":2},"f":{},"b":{},"_coverageSchema":"1a1c01bbd47fc00a2c39e90264f33305004495a9","hash":"b729aa811bbda41881a4800d4d2974f713358dc7"}
,"C:\\Users\\ITConectas Jonathan\\Desktop\\Shonny\\Proyectos\\Programacion\\NodeJS\\Shopitfy-API\\models\\nosql\\tracks.js": {"path":"C:\\Users\\ITConectas Jonathan\\Desktop\\Shonny\\Proyectos\\Programacion\\NodeJS\\Shopitfy-API\\models\\nosql\\tracks.js","statementMap":{"0":{"start":{"line":1,"column":17},"end":{"line":1,"column":36}},"1":{"start":{"line":2,"column":21},"end":{"line":2,"column":47}},"2":{"start":{"line":3,"column":20},"end":{"line":42,"column":1}},"3":{"start":{"line":15,"column":20},"end":{"line":15,"column":32}},"4":{"start":{"line":47,"column":0},"end":{"line":62,"column":1}},"5":{"start":{"line":48,"column":21},"end":{"line":60,"column":6}},"6":{"start":{"line":61,"column":4},"end":{"line":61,"column":20}},"7":{"start":{"line":67,"column":0},"end":{"line":87,"column":1}},"8":{"start":{"line":68,"column":21},"end":{"line":85,"column":6}},"9":{"start":{"line":86,"column":4},"end":{"line":86,"column":20}},"10":{"start":{"line":90,"column":0},"end":{"line":90,"column":61}},"11":{"start":{"line":92,"column":0},"end":{"line":92,"column":55}}},"fnMap":{"0":{"name":"(anonymous_0)","decl":{"start":{"line":14,"column":27},"end":{"line":14,"column":28}},"loc":{"start":{"line":14,"column":36},"end":{"line":16,"column":17}},"line":14},"1":{"name":"(anonymous_1)","decl":{"start":{"line":47,"column":34},"end":{"line":47,"column":35}},"loc":{"start":{"line":47,"column":50},"end":{"line":62,"column":1}},"line":47},"2":{"name":"(anonymous_2)","decl":{"start":{"line":67,"column":34},"end":{"line":67,"column":35}},"loc":{"start":{"line":67,"column":48},"end":{"line":87,"column":1}},"line":67}},"branchMap":{},"s":{"0":2,"1":2,"2":2,"3":0,"4":2,"5":0,"6":0,"7":2,"8":0,"9":0,"10":2,"11":2},"f":{"0":0,"1":0,"2":0},"b":{},"_coverageSchema":"1a1c01bbd47fc00a2c39e90264f33305004495a9","hash":"49304dae202a80412d04c596cc4c2d60c59ac5f8"}
,"C:\\Users\\ITConectas Jonathan\\Desktop\\Shonny\\Proyectos\\Programacion\\NodeJS\\Shopitfy-API\\models\\nosql\\users.js": {"path":"C:\\Users\\ITConectas Jonathan\\Desktop\\Shonny\\Proyectos\\Programacion\\NodeJS\\Shopitfy-API\\models\\nosql\\users.js","statementMap":{"0":{"start":{"line":1,"column":17},"end":{"line":1,"column":36}},"1":{"start":{"line":2,"column":21},"end":{"line":2,"column":47}},"2":{"start":{"line":3,"column":19},"end":{"line":28,"column":1}},"3":{"start":{"line":29,"column":0},"end":{"line":29,"column":60}},"4":{"start":{"line":31,"column":0},"end":{"line":31,"column":53}}},"fnMap":{},"branchMap":{},"s":{"0":2,"1":2,"2":2,"3":2,"4":2},"f":{},"b":{},"_coverageSchema":"1a1c01bbd47fc00a2c39e90264f33305004495a9","hash":"53bc0a783c1e451ea5580c0d2f65f48865d4b8b1"}
,"C:\\Users\\ITConectas Jonathan\\Desktop\\Shonny\\Proyectos\\Programacion\\NodeJS\\Shopitfy-API\\routes\\auth.js": {"path":"C:\\Users\\ITConectas Jonathan\\Desktop\\Shonny\\Proyectos\\Programacion\\NodeJS\\Shopitfy-API\\routes\\auth.js","statementMap":{"0":{"start":{"line":1,"column":16},"end":{"line":1,"column":34}},"1":{"start":{"line":2,"column":15},"end":{"line":2,"column":31}},"2":{"start":{"line":3,"column":46},"end":{"line":3,"column":75}},"3":{"start":{"line":4,"column":36},"end":{"line":4,"column":66}},"4":{"start":{"line":27,"column":0},"end":{"line":27,"column":58}},"5":{"start":{"line":54,"column":0},"end":{"line":54,"column":49}},"6":{"start":{"line":56,"column":0},"end":{"line":56,"column":24}}},"fnMap":{},"branchMap":{},"s":{"0":2,"1":2,"2":2,"3":2,"4":2,"5":2,"6":2},"f":{},"b":{},"_coverageSchema":"1a1c01bbd47fc00a2c39e90264f33305004495a9","hash":"e60b972e852404cee8bf3abef651f51d2478388f"}
,"C:\\Users\\ITConectas Jonathan\\Desktop\\Shonny\\Proyectos\\Programacion\\NodeJS\\Shopitfy-API\\routes\\index.js": {"path":"C:\\Users\\ITConectas Jonathan\\Desktop\\Shonny\\Proyectos\\Programacion\\NodeJS\\Shopitfy-API\\routes\\index.js","statementMap":{"0":{"start":{"line":1,"column":16},"end":{"line":1,"column":34}},"1":{"start":{"line":2,"column":11},"end":{"line":2,"column":24}},"2":{"start":{"line":3,"column":15},"end":{"line":3,"column":31}},"3":{"start":{"line":5,"column":20},"end":{"line":5,"column":29}},"4":{"start":{"line":7,"column":24},"end":{"line":10,"column":1}},"5":{"start":{"line":9,"column":4},"end":{"line":9,"column":39}},"6":{"start":{"line":12,"column":0},"end":{"line":18,"column":3}},"7":{"start":{"line":13,"column":17},"end":{"line":13,"column":38}},"8":{"start":{"line":14,"column":4},"end":{"line":17,"column":5}},"9":{"start":{"line":15,"column":8},"end":{"line":15,"column":46}},"10":{"start":{"line":16,"column":8},"end":{"line":16,"column":53}},"11":{"start":{"line":21,"column":0},"end":{"line":21,"column":24}}},"fnMap":{"0":{"name":"(anonymous_0)","decl":{"start":{"line":7,"column":24},"end":{"line":7,"column":25}},"loc":{"start":{"line":7,"column":38},"end":{"line":10,"column":1}},"line":7},"1":{"name":"(anonymous_1)","decl":{"start":{"line":12,"column":35},"end":{"line":12,"column":36}},"loc":{"start":{"line":12,"column":45},"end":{"line":18,"column":1}},"line":12}},"branchMap":{"0":{"loc":{"start":{"line":14,"column":4},"end":{"line":17,"column":5}},"type":"if","locations":[{"start":{"line":14,"column":4},"end":{"line":17,"column":5}},{"start":{},"end":{}}],"line":14}},"s":{"0":2,"1":2,"2":2,"3":2,"4":2,"5":8,"6":2,"7":8,"8":8,"9":6,"10":6,"11":2},"f":{"0":8,"1":8},"b":{"0":[6,2]},"_coverageSchema":"1a1c01bbd47fc00a2c39e90264f33305004495a9","hash":"64caed759efb6384f7ac2d10d5af940a6b50f05c"}
,"C:\\Users\\ITConectas Jonathan\\Desktop\\Shonny\\Proyectos\\Programacion\\NodeJS\\Shopitfy-API\\routes\\storage.js": {"path":"C:\\Users\\ITConectas Jonathan\\Desktop\\Shonny\\Proyectos\\Programacion\\NodeJS\\Shopitfy-API\\routes\\storage.js","statementMap":{"0":{"start":{"line":1,"column":16},"end":{"line":1,"column":34}},"1":{"start":{"line":2,"column":15},"end":{"line":2,"column":31}},"2":{"start":{"line":3,"column":25},"end":{"line":3,"column":58}},"3":{"start":{"line":4,"column":21},"end":{"line":4,"column":58}},"4":{"start":{"line":5,"column":29},"end":{"line":5,"column":61}},"5":{"start":{"line":6,"column":66},"end":{"line":6,"column":99}},"6":{"start":{"line":32,"column":0},"end":{"line":32,"column":40}},"7":{"start":{"line":62,"column":0},"end":{"line":62,"column":60}},"8":{"start":{"line":95,"column":0},"end":{"line":95,"column":78}},"9":{"start":{"line":121,"column":0},"end":{"line":121,"column":66}},"10":{"start":{"line":123,"column":0},"end":{"line":123,"column":24}}},"fnMap":{},"branchMap":{},"s":{"0":2,"1":2,"2":2,"3":2,"4":2,"5":2,"6":2,"7":2,"8":2,"9":2,"10":2},"f":{},"b":{},"_coverageSchema":"1a1c01bbd47fc00a2c39e90264f33305004495a9","hash":"842cb3067ee156cb4e7b0e05a9df0ef5cd7da142"}
,"C:\\Users\\ITConectas Jonathan\\Desktop\\Shonny\\Proyectos\\Programacion\\NodeJS\\Shopitfy-API\\routes\\tracks.js": {"path":"C:\\Users\\ITConectas Jonathan\\Desktop\\Shonny\\Proyectos\\Programacion\\NodeJS\\Shopitfy-API\\routes\\tracks.js","statementMap":{"0":{"start":{"line":1,"column":16},"end":{"line":1,"column":34}},"1":{"start":{"line":2,"column":15},"end":{"line":2,"column":31}},"2":{"start":{"line":3,"column":21},"end":{"line":3,"column":49}},"3":{"start":{"line":4,"column":23},"end":{"line":4,"column":55}},"4":{"start":{"line":5,"column":50},"end":{"line":5,"column":81}},"5":{"start":{"line":6,"column":66},"end":{"line":6,"column":98}},"6":{"start":{"line":31,"column":0},"end":{"line":31,"column":63}},"7":{"start":{"line":61,"column":0},"end":{"line":61,"column":62}},"8":{"start":{"line":90,"column":0},"end":{"line":90,"column":87}},"9":{"start":{"line":130,"column":0},"end":{"line":130,"column":86}},"10":{"start":{"line":156,"column":0},"end":{"line":156,"column":50}},"11":{"start":{"line":158,"column":0},"end":{"line":158,"column":24}}},"fnMap":{},"branchMap":{},"s":{"0":2,"1":2,"2":2,"3":2,"4":2,"5":2,"6":2,"7":2,"8":2,"9":2,"10":2,"11":2},"f":{},"b":{},"_coverageSchema":"1a1c01bbd47fc00a2c39e90264f33305004495a9","hash":"715ea920c7eaff1015d1a2652975226abd88504b"}
,"C:\\Users\\ITConectas Jonathan\\Desktop\\Shonny\\Proyectos\\Programacion\\NodeJS\\Shopitfy-API\\utils\\handleError.js": {"path":"C:\\Users\\ITConectas Jonathan\\Desktop\\Shonny\\Proyectos\\Programacion\\NodeJS\\Shopitfy-API\\utils\\handleError.js","statementMap":{"0":{"start":{"line":1,"column":24},"end":{"line":4,"column":1}},"1":{"start":{"line":2,"column":4},"end":{"line":2,"column":21}},"2":{"start":{"line":3,"column":4},"end":{"line":3,"column":33}},"3":{"start":{"line":6,"column":0},"end":{"line":6,"column":37}}},"fnMap":{"0":{"name":"(anonymous_0)","decl":{"start":{"line":1,"column":24},"end":{"line":1,"column":25}},"loc":{"start":{"line":1,"column":71},"end":{"line":4,"column":1}},"line":1}},"branchMap":{"0":{"loc":{"start":{"line":1,"column":30},"end":{"line":1,"column":54}},"type":"default-arg","locations":[{"start":{"line":1,"column":40},"end":{"line":1,"column":54}}],"line":1},"1":{"loc":{"start":{"line":1,"column":56},"end":{"line":1,"column":66}},"type":"default-arg","locations":[{"start":{"line":1,"column":63},"end":{"line":1,"column":66}}],"line":1}},"s":{"0":2,"1":0,"2":0,"3":2},"f":{"0":0},"b":{"0":[0],"1":[0]},"_coverageSchema":"1a1c01bbd47fc00a2c39e90264f33305004495a9","hash":"f94e59651a8049c3cf7e751c8749b4886e451c33"}
,"C:\\Users\\ITConectas Jonathan\\Desktop\\Shonny\\Proyectos\\Programacion\\NodeJS\\Shopitfy-API\\utils\\handleJwt.js": {"path":"C:\\Users\\ITConectas Jonathan\\Desktop\\Shonny\\Proyectos\\Programacion\\NodeJS\\Shopitfy-API\\utils\\handleJwt.js","statementMap":{"0":{"start":{"line":1,"column":12},"end":{"line":1,"column":35}},"1":{"start":{"line":2,"column":19},"end":{"line":2,"column":41}},"2":{"start":{"line":3,"column":22},"end":{"line":3,"column":59}},"3":{"start":{"line":8,"column":18},"end":{"line":20,"column":1}},"4":{"start":{"line":9,"column":17},"end":{"line":18,"column":5}},"5":{"start":{"line":19,"column":4},"end":{"line":19,"column":16}},"6":{"start":{"line":27,"column":20},"end":{"line":33,"column":1}},"7":{"start":{"line":28,"column":4},"end":{"line":32,"column":5}},"8":{"start":{"line":29,"column":8},"end":{"line":29,"column":48}},"9":{"start":{"line":31,"column":8},"end":{"line":31,"column":20}},"10":{"start":{"line":35,"column":0},"end":{"line":35,"column":44}}},"fnMap":{"0":{"name":"(anonymous_0)","decl":{"start":{"line":8,"column":18},"end":{"line":8,"column":19}},"loc":{"start":{"line":8,"column":34},"end":{"line":20,"column":1}},"line":8},"1":{"name":"(anonymous_1)","decl":{"start":{"line":27,"column":20},"end":{"line":27,"column":21}},"loc":{"start":{"line":27,"column":40},"end":{"line":33,"column":1}},"line":27}},"branchMap":{},"s":{"0":2,"1":2,"2":2,"3":2,"4":1,"5":1,"6":2,"7":0,"8":0,"9":0,"10":2},"f":{"0":1,"1":0},"b":{},"_coverageSchema":"1a1c01bbd47fc00a2c39e90264f33305004495a9","hash":"e1ef3c4816b42ba5ce746157aa66176231654e83"}
,"C:\\Users\\ITConectas Jonathan\\Desktop\\Shonny\\Proyectos\\Programacion\\NodeJS\\Shopitfy-API\\utils\\handlePassword.js": {"path":"C:\\Users\\ITConectas Jonathan\\Desktop\\Shonny\\Proyectos\\Programacion\\NodeJS\\Shopitfy-API\\utils\\handlePassword.js","statementMap":{"0":{"start":{"line":1,"column":17},"end":{"line":1,"column":36}},"1":{"start":{"line":8,"column":16},"end":{"line":11,"column":1}},"2":{"start":{"line":9,"column":17},"end":{"line":9,"column":55}},"3":{"start":{"line":10,"column":4},"end":{"line":10,"column":16}},"4":{"start":{"line":18,"column":16},"end":{"line":20,"column":1}},"5":{"start":{"line":19,"column":4},"end":{"line":19,"column":63}},"6":{"start":{"line":22,"column":0},"end":{"line":22,"column":37}}},"fnMap":{"0":{"name":"(anonymous_0)","decl":{"start":{"line":8,"column":16},"end":{"line":8,"column":17}},"loc":{"start":{"line":8,"column":41},"end":{"line":11,"column":1}},"line":8},"1":{"name":"(anonymous_1)","decl":{"start":{"line":18,"column":16},"end":{"line":18,"column":17}},"loc":{"start":{"line":18,"column":55},"end":{"line":20,"column":1}},"line":18}},"branchMap":{},"s":{"0":2,"1":2,"2":0,"3":0,"4":2,"5":0,"6":2},"f":{"0":0,"1":0},"b":{},"_coverageSchema":"1a1c01bbd47fc00a2c39e90264f33305004495a9","hash":"82515a543d5e8122083cc035bdec0b67ca95a235"}
,"C:\\Users\\ITConectas Jonathan\\Desktop\\Shonny\\Proyectos\\Programacion\\NodeJS\\Shopitfy-API\\utils\\handlePropertiesEngine.js": {"path":"C:\\Users\\ITConectas Jonathan\\Desktop\\Shonny\\Proyectos\\Programacion\\NodeJS\\Shopitfy-API\\utils\\handlePropertiesEngine.js","statementMap":{"0":{"start":{"line":1,"column":18},"end":{"line":1,"column":39}},"1":{"start":{"line":3,"column":22},"end":{"line":13,"column":1}},"2":{"start":{"line":4,"column":17},"end":{"line":11,"column":5}},"3":{"start":{"line":12,"column":4},"end":{"line":12,"column":26}},"4":{"start":{"line":15,"column":0},"end":{"line":15,"column":31}}},"fnMap":{"0":{"name":"(anonymous_0)","decl":{"start":{"line":3,"column":22},"end":{"line":3,"column":23}},"loc":{"start":{"line":3,"column":28},"end":{"line":13,"column":1}},"line":3}},"branchMap":{},"s":{"0":2,"1":2,"2":4,"3":4,"4":2},"f":{"0":4},"b":{},"_coverageSchema":"1a1c01bbd47fc00a2c39e90264f33305004495a9","hash":"3c495900bf0f08c727713b90e57f463d211d2124"}
,"C:\\Users\\ITConectas Jonathan\\Desktop\\Shonny\\Proyectos\\Programacion\\NodeJS\\Shopitfy-API\\utils\\handleStorage.js": {"path":"C:\\Users\\ITConectas Jonathan\\Desktop\\Shonny\\Proyectos\\Programacion\\NodeJS\\Shopitfy-API\\utils\\handleStorage.js","statementMap":{"0":{"start":{"line":1,"column":15},"end":{"line":1,"column":32}},"1":{"start":{"line":3,"column":16},"end":{"line":13,"column":2}},"2":{"start":{"line":5,"column":28},"end":{"line":5,"column":53}},"3":{"start":{"line":6,"column":8},"end":{"line":6,"column":29}},"4":{"start":{"line":9,"column":20},"end":{"line":9,"column":54}},"5":{"start":{"line":10,"column":25},"end":{"line":10,"column":52}},"6":{"start":{"line":11,"column":8},"end":{"line":11,"column":27}},"7":{"start":{"line":15,"column":25},"end":{"line":15,"column":44}},"8":{"start":{"line":17,"column":0},"end":{"line":17,"column":34}}},"fnMap":{"0":{"name":"(anonymous_0)","decl":{"start":{"line":4,"column":17},"end":{"line":4,"column":18}},"loc":{"start":{"line":4,"column":42},"end":{"line":7,"column":5}},"line":4},"1":{"name":"(anonymous_1)","decl":{"start":{"line":8,"column":14},"end":{"line":8,"column":15}},"loc":{"start":{"line":8,"column":39},"end":{"line":12,"column":5}},"line":8}},"branchMap":{},"s":{"0":2,"1":2,"2":0,"3":0,"4":0,"5":0,"6":0,"7":2,"8":2},"f":{"0":0,"1":0},"b":{},"_coverageSchema":"1a1c01bbd47fc00a2c39e90264f33305004495a9","hash":"871b4e520c17190b6dcfae16014fd8837ef75cef"}
,"C:\\Users\\ITConectas Jonathan\\Desktop\\Shonny\\Proyectos\\Programacion\\NodeJS\\Shopitfy-API\\utils\\handleValidators.js": {"path":"C:\\Users\\ITConectas Jonathan\\Desktop\\Shonny\\Proyectos\\Programacion\\NodeJS\\Shopitfy-API\\utils\\handleValidators.js","statementMap":{"0":{"start":{"line":1,"column":29},"end":{"line":1,"column":57}},"1":{"start":{"line":3,"column":24},"end":{"line":13,"column":1}},"2":{"start":{"line":4,"column":4},"end":{"line":12,"column":5}},"3":{"start":{"line":5,"column":8},"end":{"line":5,"column":38}},"4":{"start":{"line":6,"column":8},"end":{"line":6,"column":22}},"5":{"start":{"line":8,"column":8},"end":{"line":8,"column":24}},"6":{"start":{"line":9,"column":8},"end":{"line":11,"column":11}},"7":{"start":{"line":15,"column":0},"end":{"line":15,"column":33}}},"fnMap":{"0":{"name":"(anonymous_0)","decl":{"start":{"line":3,"column":24},"end":{"line":3,"column":25}},"loc":{"start":{"line":3,"column":44},"end":{"line":13,"column":1}},"line":3}},"branchMap":{},"s":{"0":2,"1":2,"2":0,"3":0,"4":0,"5":0,"6":0,"7":2},"f":{"0":0},"b":{},"_coverageSchema":"1a1c01bbd47fc00a2c39e90264f33305004495a9","hash":"06a3408510c18cfec0345fde555c967bb784d838"}
,"C:\\Users\\ITConectas Jonathan\\Desktop\\Shonny\\Proyectos\\Programacion\\NodeJS\\Shopitfy-API\\validators\\auth.js": {"path":"C:\\Users\\ITConectas Jonathan\\Desktop\\Shonny\\Proyectos\\Programacion\\NodeJS\\Shopitfy-API\\validators\\auth.js","statementMap":{"0":{"start":{"line":1,"column":18},"end":{"line":1,"column":46}},"1":{"start":{"line":2,"column":24},"end":{"line":2,"column":60}},"2":{"start":{"line":4,"column":26},"end":{"line":12,"column":1}},"3":{"start":{"line":10,"column":8},"end":{"line":10,"column":47}},"4":{"start":{"line":14,"column":23},"end":{"line":20,"column":1}},"5":{"start":{"line":18,"column":8},"end":{"line":18,"column":47}},"6":{"start":{"line":22,"column":0},"end":{"line":22,"column":55}}},"fnMap":{"0":{"name":"(anonymous_0)","decl":{"start":{"line":9,"column":4},"end":{"line":9,"column":5}},"loc":{"start":{"line":9,"column":24},"end":{"line":11,"column":5}},"line":9},"1":{"name":"(anonymous_1)","decl":{"start":{"line":17,"column":4},"end":{"line":17,"column":5}},"loc":{"start":{"line":17,"column":24},"end":{"line":19,"column":5}},"line":17}},"branchMap":{},"s":{"0":2,"1":2,"2":2,"3":0,"4":2,"5":0,"6":2},"f":{"0":0,"1":0},"b":{},"_coverageSchema":"1a1c01bbd47fc00a2c39e90264f33305004495a9","hash":"5074479941169db6d5d9a60fd29a3298ebde7a6c"}
,"C:\\Users\\ITConectas Jonathan\\Desktop\\Shonny\\Proyectos\\Programacion\\NodeJS\\Shopitfy-API\\validators\\storage.js": {"path":"C:\\Users\\ITConectas Jonathan\\Desktop\\Shonny\\Proyectos\\Programacion\\NodeJS\\Shopitfy-API\\validators\\storage.js","statementMap":{"0":{"start":{"line":1,"column":18},"end":{"line":1,"column":46}},"1":{"start":{"line":2,"column":24},"end":{"line":2,"column":60}},"2":{"start":{"line":4,"column":25},"end":{"line":9,"column":1}},"3":{"start":{"line":7,"column":8},"end":{"line":7,"column":47}},"4":{"start":{"line":11,"column":0},"end":{"line":11,"column":38}}},"fnMap":{"0":{"name":"(anonymous_0)","decl":{"start":{"line":6,"column":4},"end":{"line":6,"column":5}},"loc":{"start":{"line":6,"column":24},"end":{"line":8,"column":5}},"line":6}},"branchMap":{},"s":{"0":2,"1":2,"2":2,"3":0,"4":2},"f":{"0":0},"b":{},"_coverageSchema":"1a1c01bbd47fc00a2c39e90264f33305004495a9","hash":"b5d40f6b144513188d356a2b6abbbc40d7cff050"}
,"C:\\Users\\ITConectas Jonathan\\Desktop\\Shonny\\Proyectos\\Programacion\\NodeJS\\Shopitfy-API\\validators\\tracks.js": {"path":"C:\\Users\\ITConectas Jonathan\\Desktop\\Shonny\\Proyectos\\Programacion\\NodeJS\\Shopitfy-API\\validators\\tracks.js","statementMap":{"0":{"start":{"line":1,"column":18},"end":{"line":1,"column":46}},"1":{"start":{"line":2,"column":24},"end":{"line":2,"column":60}},"2":{"start":{"line":4,"column":28},"end":{"line":19,"column":1}},"3":{"start":{"line":17,"column":8},"end":{"line":17,"column":47}},"4":{"start":{"line":21,"column":25},"end":{"line":26,"column":1}},"5":{"start":{"line":24,"column":8},"end":{"line":24,"column":47}},"6":{"start":{"line":28,"column":0},"end":{"line":28,"column":59}}},"fnMap":{"0":{"name":"(anonymous_0)","decl":{"start":{"line":16,"column":4},"end":{"line":16,"column":5}},"loc":{"start":{"line":16,"column":24},"end":{"line":18,"column":5}},"line":16},"1":{"name":"(anonymous_1)","decl":{"start":{"line":23,"column":4},"end":{"line":23,"column":5}},"loc":{"start":{"line":23,"column":24},"end":{"line":25,"column":5}},"line":23}},"branchMap":{},"s":{"0":2,"1":2,"2":2,"3":0,"4":2,"5":0,"6":2},"f":{"0":0,"1":0},"b":{},"_coverageSchema":"1a1c01bbd47fc00a2c39e90264f33305004495a9","hash":"a65655145316bdc1149fc37078bcb935883fdee1"}
}
